# JRE version: OpenJDK Runtime Environment (17.0.11) (build 17.0.11+0--11852314)
# Java VM: OpenJDK 64-Bit Server VM (17.0.11+0--11852314, mixed mode, tiered, compressed oops, compressed class ptrs, g1 gc, windows-amd64)
GC Precious Log:
 CPUs: 12 total, 12 available
 Memory: 14205M
 Large Page Support: Disabled
 NUMA Support: Disabled
 Compressed Oops: Enabled (32-bit)
 Heap Region Size: 1M
 Heap Min Capacity: 8M
 Heap Initial Capacity: 222M
 Heap Max Capacity: 2G
 Pre-touch: Disabled
 Parallel Workers: 10
 Concurrent Workers: 3
 Concurrent Refinement Workers: 10
 Periodic GC: Disabled
Heap:
 garbage-first heap   total 321536K, used 270605K [0x0000000080000000, 0x0000000100000000)
  region size 1024K, 2 young (2048K), 2 survivors (2048K)
 Metaspace       used 182797K, committed 184192K, reserved 1245184K
  class space    used 24810K, committed 25536K, reserved 1048576K
GC Heap History (20 events):
Event: 7045.519 GC heap after
{Heap after GC invocations=100 (full 1):
 garbage-first heap   total 321536K, used 211079K [0x0000000080000000, 0x0000000100000000)
  region size 1024K, 4 young (4096K), 4 survivors (4096K)
 Metaspace       used 181738K, committed 183040K, reserved 1245184K
  class space    used 24723K, committed 25344K, reserved 1048576K
}
Event: 7046.111 GC heap before
{Heap before GC invocations=100 (full 1):
 garbage-first heap   total 321536K, used 267399K [0x0000000080000000, 0x0000000100000000)
  region size 1024K, 60 young (61440K), 4 survivors (4096K)
 Metaspace       used 181952K, committed 183296K, reserved 1245184K
  class space    used 24729K, committed 25344K, reserved 1048576K
}
Event: 7046.116 GC heap after
{Heap after GC invocations=101 (full 1):
 garbage-first heap   total 321536K, used 217292K [0x0000000080000000, 0x0000000100000000)
  region size 1024K, 8 young (8192K), 8 survivors (8192K)
 Metaspace       used 181952K, committed 183296K, reserved 1245184K
  class space    used 24729K, committed 25344K, reserved 1048576K
}
Event: 7046.375 GC heap before
{Heap before GC invocations=101 (full 1):
 garbage-first heap   total 321536K, used 268492K [0x0000000080000000, 0x0000000100000000)
  region size 1024K, 58 young (59392K), 8 survivors (8192K)
 Metaspace       used 182067K, committed 183360K, reserved 1245184K
  class space    used 24741K, committed 25344K, reserved 1048576K
}
Event: 7046.382 GC heap after
{Heap after GC invocations=102 (full 1):
 garbage-first heap   total 321536K, used 225239K [0x0000000080000000, 0x0000000100000000)
  region size 1024K, 8 young (8192K), 8 survivors (8192K)
 Metaspace       used 182067K, committed 183360K, reserved 1245184K
  class space    used 24741K, committed 25344K, reserved 1048576K
}
Event: 7232.554 GC heap before
{Heap before GC invocations=102 (full 1):
 garbage-first heap   total 321536K, used 269271K [0x0000000080000000, 0x0000000100000000)
  region size 1024K, 51 young (52224K), 8 survivors (8192K)
 Metaspace       used 182134K, committed 183424K, reserved 1245184K
  class space    used 24742K, committed 25344K, reserved 1048576K
}
Event: 7232.557 GC heap after
{Heap after GC invocations=103 (full 1):
 garbage-first heap   total 321536K, used 228107K [0x0000000080000000, 0x0000000100000000)
  region size 1024K, 4 young (4096K), 4 survivors (4096K)
 Metaspace       used 182134K, committed 183424K, reserved 1245184K
  class space    used 24742K, committed 25344K, reserved 1048576K
}
Event: 7232.769 GC heap before
{Heap before GC invocations=103 (full 1):
 garbage-first heap   total 321536K, used 270091K [0x0000000080000000, 0x0000000100000000)
  region size 1024K, 46 young (47104K), 4 survivors (4096K)
 Metaspace       used 182315K, committed 183680K, reserved 1245184K
  class space    used 24771K, committed 25408K, reserved 1048576K
}
Event: 7232.772 GC heap after
{Heap after GC invocations=104 (full 1):
 garbage-first heap   total 321536K, used 232332K [0x0000000080000000, 0x0000000100000000)
  region size 1024K, 6 young (6144K), 6 survivors (6144K)
 Metaspace       used 182315K, committed 183680K, reserved 1245184K
  class space    used 24771K, committed 25408K, reserved 1048576K
}
Event: 7233.051 GC heap before
{Heap before GC invocations=104 (full 1):
 garbage-first heap   total 321536K, used 271244K [0x0000000080000000, 0x0000000100000000)
  region size 1024K, 45 young (46080K), 6 survivors (6144K)
 Metaspace       used 182578K, committed 183936K, reserved 1245184K
  class space    used 24797K, committed 25472K, reserved 1048576K
}
Event: 7233.056 GC heap after
{Heap after GC invocations=105 (full 1):
 garbage-first heap   total 321536K, used 238795K [0x0000000080000000, 0x0000000100000000)
  region size 1024K, 6 young (6144K), 6 survivors (6144K)
 Metaspace       used 182578K, committed 183936K, reserved 1245184K
  class space    used 24797K, committed 25472K, reserved 1048576K
}
Event: 7233.173 GC heap before
{Heap before GC invocations=105 (full 1):
 garbage-first heap   total 321536K, used 274635K [0x0000000080000000, 0x0000000100000000)
  region size 1024K, 39 young (39936K), 6 survivors (6144K)
 Metaspace       used 182596K, committed 184000K, reserved 1245184K
  class space    used 24797K, committed 25472K, reserved 1048576K
}
Event: 7233.179 GC heap after
{Heap after GC invocations=106 (full 1):
 garbage-first heap   total 321536K, used 256737K [0x0000000080000000, 0x0000000100000000)
  region size 1024K, 5 young (5120K), 5 survivors (5120K)
 Metaspace       used 182596K, committed 184000K, reserved 1245184K
  class space    used 24797K, committed 25472K, reserved 1048576K
}
Event: 7233.279 GC heap before
{Heap before GC invocations=106 (full 1):
 garbage-first heap   total 321536K, used 268001K [0x0000000080000000, 0x0000000100000000)
  region size 1024K, 17 young (17408K), 5 survivors (5120K)
 Metaspace       used 182695K, committed 184128K, reserved 1245184K
  class space    used 24803K, committed 25536K, reserved 1048576K
}
Event: 7233.282 GC heap after
{Heap after GC invocations=107 (full 1):
 garbage-first heap   total 321536K, used 260854K [0x0000000080000000, 0x0000000100000000)
  region size 1024K, 3 young (3072K), 3 survivors (3072K)
 Metaspace       used 182695K, committed 184128K, reserved 1245184K
  class space    used 24803K, committed 25536K, reserved 1048576K
}
Event: 7233.433 GC heap before
{Heap before GC invocations=107 (full 1):
 garbage-first heap   total 321536K, used 280310K [0x0000000080000000, 0x0000000100000000)
  region size 1024K, 15 young (15360K), 3 survivors (3072K)
 Metaspace       used 182794K, committed 184192K, reserved 1245184K
  class space    used 24810K, committed 25536K, reserved 1048576K
}
Event: 7233.435 GC heap after
{Heap after GC invocations=108 (full 1):
 garbage-first heap   total 321536K, used 266615K [0x0000000080000000, 0x0000000100000000)
  region size 1024K, 2 young (2048K), 2 survivors (2048K)
 Metaspace       used 182794K, committed 184192K, reserved 1245184K
  class space    used 24810K, committed 25536K, reserved 1048576K
}
Event: 7233.454 GC heap before
{Heap before GC invocations=108 (full 1):
 garbage-first heap   total 321536K, used 279927K [0x0000000080000000, 0x0000000100000000)
  region size 1024K, 15 young (15360K), 2 survivors (2048K)
 Metaspace       used 182797K, committed 184192K, reserved 1245184K
  class space    used 24810K, committed 25536K, reserved 1048576K
}
Event: 7233.456 GC heap after
{Heap after GC invocations=109 (full 1):
 garbage-first heap   total 321536K, used 268832K [0x0000000080000000, 0x0000000100000000)
  region size 1024K, 2 young (2048K), 2 survivors (2048K)
 Metaspace       used 182797K, committed 184192K, reserved 1245184K
  class space    used 24810K, committed 25536K, reserved 1048576K
}
Event: 7233.479 GC heap before
{Heap before GC invocations=109 (full 1):
 garbage-first heap   total 321536K, used 282144K [0x0000000080000000, 0x0000000100000000)
  region size 1024K, 15 young (15360K), 2 survivors (2048K)
 Metaspace       used 182797K, committed 184192K, reserved 1245184K
  class space    used 24810K, committed 25536K, reserved 1048576K
}

