# JRE version: OpenJDK Runtime Environment (17.0.11) (build 17.0.11+0--11852314)
# Java VM: OpenJDK 64-Bit Server VM (17.0.11+0--11852314, mixed mode, tiered, compressed oops, compressed class ptrs, g1 gc, windows-amd64)
GC Precious Log:
 CPUs: 12 total, 12 available
 Memory: 14205M
 Large Page Support: Disabled
 NUMA Support: Disabled
 Compressed Oops: Enabled (32-bit)
 Heap Region Size: 1M
 Heap Min Capacity: 8M
 Heap Initial Capacity: 222M
 Heap Max Capacity: 2G
 Pre-touch: Disabled
 Parallel Workers: 10
 Concurrent Workers: 3
 Concurrent Refinement Workers: 10
 Periodic GC: Disabled
Heap:
 garbage-first heap   total 471040K, used 223232K [0x0000000080000000, 0x0000000100000000)
  region size 1024K, 58 young (59392K), 5 survivors (5120K)
 Metaspace       used 113435K, committed 114176K, reserved 1179648K
  class space    used 15378K, committed 15744K, reserved 1048576K
GC Heap History (20 events):
Event: 9.870 GC heap before
{Heap before GC invocations=42 (full 0):
 garbage-first heap   total 181248K, used 153629K [0x0000000080000000, 0x0000000100000000)
  region size 1024K, 48 young (49152K), 4 survivors (4096K)
 Metaspace       used 105424K, committed 106176K, reserved 1179648K
  class space    used 14455K, committed 14848K, reserved 1048576K
}
Event: 9.874 GC heap after
{Heap after GC invocations=43 (full 0):
 garbage-first heap   total 181248K, used 110332K [0x0000000080000000, 0x0000000100000000)
  region size 1024K, 6 young (6144K), 6 survivors (6144K)
 Metaspace       used 105424K, committed 106176K, reserved 1179648K
  class space    used 14455K, committed 14848K, reserved 1048576K
}
Event: 9.880 GC heap before
{Heap before GC invocations=43 (full 0):
 garbage-first heap   total 181248K, used 112380K [0x0000000080000000, 0x0000000100000000)
  region size 1024K, 8 young (8192K), 6 survivors (6144K)
 Metaspace       used 105427K, committed 106176K, reserved 1179648K
  class space    used 14455K, committed 14848K, reserved 1048576K
}
Event: 9.882 GC heap after
{Heap after GC invocations=44 (full 0):
 garbage-first heap   total 181248K, used 110198K [0x0000000080000000, 0x0000000100000000)
  region size 1024K, 1 young (1024K), 1 survivors (1024K)
 Metaspace       used 105427K, committed 106176K, reserved 1179648K
  class space    used 14455K, committed 14848K, reserved 1048576K
}
Event: 9.996 GC heap before
{Heap before GC invocations=44 (full 0):
 garbage-first heap   total 181248K, used 149110K [0x0000000080000000, 0x0000000100000000)
  region size 1024K, 40 young (40960K), 1 survivors (1024K)
 Metaspace       used 105497K, committed 106304K, reserved 1179648K
  class space    used 14457K, committed 14848K, reserved 1048576K
}
Event: 9.998 GC heap after
{Heap after GC invocations=45 (full 0):
 garbage-first heap   total 181248K, used 112156K [0x0000000080000000, 0x0000000100000000)
  region size 1024K, 3 young (3072K), 3 survivors (3072K)
 Metaspace       used 105497K, committed 106304K, reserved 1179648K
  class space    used 14457K, committed 14848K, reserved 1048576K
}
Event: 10.099 GC heap before
{Heap before GC invocations=45 (full 0):
 garbage-first heap   total 181248K, used 151068K [0x0000000080000000, 0x0000000100000000)
  region size 1024K, 41 young (41984K), 3 survivors (3072K)
 Metaspace       used 105573K, committed 106368K, reserved 1179648K
  class space    used 14458K, committed 14848K, reserved 1048576K
}
Event: 10.101 GC heap after
{Heap after GC invocations=46 (full 0):
 garbage-first heap   total 181248K, used 113108K [0x0000000080000000, 0x0000000100000000)
  region size 1024K, 4 young (4096K), 4 survivors (4096K)
 Metaspace       used 105573K, committed 106368K, reserved 1179648K
  class space    used 14458K, committed 14848K, reserved 1048576K
}
Event: 10.307 GC heap before
{Heap before GC invocations=46 (full 0):
 garbage-first heap   total 181248K, used 152020K [0x0000000080000000, 0x0000000100000000)
  region size 1024K, 42 young (43008K), 4 survivors (4096K)
 Metaspace       used 106006K, committed 106752K, reserved 1179648K
  class space    used 14538K, committed 14912K, reserved 1048576K
}
Event: 10.309 GC heap after
{Heap after GC invocations=47 (full 0):
 garbage-first heap   total 181248K, used 115067K [0x0000000080000000, 0x0000000100000000)
  region size 1024K, 5 young (5120K), 5 survivors (5120K)
 Metaspace       used 106006K, committed 106752K, reserved 1179648K
  class space    used 14538K, committed 14912K, reserved 1048576K
}
Event: 10.550 GC heap before
{Heap before GC invocations=47 (full 0):
 garbage-first heap   total 181248K, used 152955K [0x0000000080000000, 0x0000000100000000)
  region size 1024K, 40 young (40960K), 5 survivors (5120K)
 Metaspace       used 107834K, committed 108608K, reserved 1179648K
  class space    used 14764K, committed 15168K, reserved 1048576K
}
Event: 10.554 GC heap after
{Heap after GC invocations=48 (full 0):
 garbage-first heap   total 181248K, used 123259K [0x0000000080000000, 0x0000000100000000)
  region size 1024K, 5 young (5120K), 5 survivors (5120K)
 Metaspace       used 107834K, committed 108608K, reserved 1179648K
  class space    used 14764K, committed 15168K, reserved 1048576K
}
Event: 10.719 GC heap before
{Heap before GC invocations=48 (full 0):
 garbage-first heap   total 181248K, used 144763K [0x0000000080000000, 0x0000000100000000)
  region size 1024K, 26 young (26624K), 5 survivors (5120K)
 Metaspace       used 108289K, committed 109056K, reserved 1179648K
  class space    used 14810K, committed 15168K, reserved 1048576K
}
Event: 10.723 GC heap after
{Heap after GC invocations=49 (full 0):
 garbage-first heap   total 181248K, used 134511K [0x0000000080000000, 0x0000000100000000)
  region size 1024K, 4 young (4096K), 4 survivors (4096K)
 Metaspace       used 108289K, committed 109056K, reserved 1179648K
  class space    used 14810K, committed 15168K, reserved 1048576K
}
Event: 10.853 GC heap before
{Heap before GC invocations=50 (full 0):
 garbage-first heap   total 235520K, used 146799K [0x0000000080000000, 0x0000000100000000)
  region size 1024K, 17 young (17408K), 4 survivors (4096K)
 Metaspace       used 108694K, committed 109504K, reserved 1179648K
  class space    used 14850K, committed 15232K, reserved 1048576K
}
Event: 10.856 GC heap after
{Heap after GC invocations=51 (full 0):
 garbage-first heap   total 235520K, used 137709K [0x0000000080000000, 0x0000000100000000)
  region size 1024K, 3 young (3072K), 3 survivors (3072K)
 Metaspace       used 108694K, committed 109504K, reserved 1179648K
  class space    used 14850K, committed 15232K, reserved 1048576K
}
Event: 10.925 GC heap before
{Heap before GC invocations=51 (full 0):
 garbage-first heap   total 235520K, used 153069K [0x0000000080000000, 0x0000000100000000)
  region size 1024K, 11 young (11264K), 3 survivors (3072K)
 Metaspace       used 108849K, committed 109632K, reserved 1179648K
  class space    used 14866K, committed 15232K, reserved 1048576K
}
Event: 10.928 GC heap after
{Heap after GC invocations=52 (full 0):
 garbage-first heap   total 235520K, used 140513K [0x0000000080000000, 0x0000000100000000)
  region size 1024K, 2 young (2048K), 2 survivors (2048K)
 Metaspace       used 108849K, committed 109632K, reserved 1179648K
  class space    used 14866K, committed 15232K, reserved 1048576K
}
Event: 11.107 GC heap before
{Heap before GC invocations=52 (full 0):
 garbage-first heap   total 235520K, used 178401K [0x0000000080000000, 0x0000000100000000)
  region size 1024K, 39 young (39936K), 2 survivors (2048K)
 Metaspace       used 110596K, committed 111424K, reserved 1179648K
  class space    used 15076K, committed 15488K, reserved 1048576K
}
Event: 11.110 GC heap after
{Heap after GC invocations=53 (full 0):
 garbage-first heap   total 471040K, used 142336K [0x0000000080000000, 0x0000000100000000)
  region size 1024K, 5 young (5120K), 5 survivors (5120K)
 Metaspace       used 110596K, committed 111424K, reserved 1179648K
  class space    used 15076K, committed 15488K, reserved 1048576K
}

