# JRE version: OpenJDK Runtime Environment (17.0.11) (build 17.0.11+0--11852314)
# Java VM: OpenJDK 64-Bit Server VM (17.0.11+0--11852314, mixed mode, tiered, compressed oops, compressed class ptrs, g1 gc, windows-amd64)
GC Precious Log:
 CPUs: 12 total, 12 available
 Memory: 14205M
 Large Page Support: Disabled
 NUMA Support: Disabled
 Compressed Oops: Enabled (32-bit)
 Heap Region Size: 1M
 Heap Min Capacity: 8M
 Heap Initial Capacity: 222M
 Heap Max Capacity: 2G
 Pre-touch: Disabled
 Parallel Workers: 10
 Concurrent Workers: 3
 Concurrent Refinement Workers: 10
 Periodic GC: Disabled
Heap:
 garbage-first heap   total 164864K, used 106613K [0x0000000080000000, 0x0000000100000000)
  region size 1024K, 6 young (6144K), 3 survivors (3072K)
 Metaspace       used 103409K, committed 104192K, reserved 1179648K
  class space    used 13905K, committed 14272K, reserved 1048576K
GC Heap History (20 events):
Event: 6.266 GC heap before
{Heap before GC invocations=35 (full 0):
 garbage-first heap   total 164864K, used 132550K [0x0000000080000000, 0x0000000100000000)
  region size 1024K, 59 young (60416K), 6 survivors (6144K)
 Metaspace       used 77734K, committed 78336K, reserved 1179648K
  class space    used 10492K, committed 10752K, reserved 1048576K
}
Event: 6.269 GC heap after
{Heap after GC invocations=36 (full 0):
 garbage-first heap   total 164864K, used 82099K [0x0000000080000000, 0x0000000100000000)
  region size 1024K, 4 young (4096K), 4 survivors (4096K)
 Metaspace       used 77734K, committed 78336K, reserved 1179648K
  class space    used 10492K, committed 10752K, reserved 1048576K
}
Event: 6.620 GC heap before
{Heap before GC invocations=36 (full 0):
 garbage-first heap   total 164864K, used 131251K [0x0000000080000000, 0x0000000100000000)
  region size 1024K, 52 young (53248K), 4 survivors (4096K)
 Metaspace       used 81741K, committed 82368K, reserved 1179648K
  class space    used 11041K, committed 11328K, reserved 1048576K
}
Event: 6.623 GC heap after
{Heap after GC invocations=37 (full 0):
 garbage-first heap   total 164864K, used 84169K [0x0000000080000000, 0x0000000100000000)
  region size 1024K, 6 young (6144K), 6 survivors (6144K)
 Metaspace       used 81741K, committed 82368K, reserved 1179648K
  class space    used 11041K, committed 11328K, reserved 1048576K
}
Event: 7.089 GC heap before
{Heap before GC invocations=37 (full 0):
 garbage-first heap   total 164864K, used 132297K [0x0000000080000000, 0x0000000100000000)
  region size 1024K, 54 young (55296K), 6 survivors (6144K)
 Metaspace       used 83267K, committed 83840K, reserved 1179648K
  class space    used 11229K, committed 11456K, reserved 1048576K
}
Event: 7.092 GC heap after
{Heap after GC invocations=38 (full 0):
 garbage-first heap   total 164864K, used 88194K [0x0000000080000000, 0x0000000100000000)
  region size 1024K, 7 young (7168K), 7 survivors (7168K)
 Metaspace       used 83267K, committed 83840K, reserved 1179648K
  class space    used 11229K, committed 11456K, reserved 1048576K
}
Event: 7.476 GC heap before
{Heap before GC invocations=38 (full 0):
 garbage-first heap   total 164864K, used 135298K [0x0000000080000000, 0x0000000100000000)
  region size 1024K, 52 young (53248K), 7 survivors (7168K)
 Metaspace       used 86458K, committed 87168K, reserved 1179648K
  class space    used 11693K, committed 12032K, reserved 1048576K
}
Event: 7.479 GC heap after
{Heap after GC invocations=39 (full 0):
 garbage-first heap   total 164864K, used 90112K [0x0000000080000000, 0x0000000100000000)
  region size 1024K, 3 young (3072K), 3 survivors (3072K)
 Metaspace       used 86458K, committed 87168K, reserved 1179648K
  class space    used 11693K, committed 12032K, reserved 1048576K
}
Event: 7.934 GC heap before
{Heap before GC invocations=39 (full 0):
 garbage-first heap   total 164864K, used 135168K [0x0000000080000000, 0x0000000100000000)
  region size 1024K, 47 young (48128K), 3 survivors (3072K)
 Metaspace       used 89693K, committed 90368K, reserved 1179648K
  class space    used 12326K, committed 12672K, reserved 1048576K
}
Event: 7.935 GC heap after
{Heap after GC invocations=40 (full 0):
 garbage-first heap   total 164864K, used 91490K [0x0000000080000000, 0x0000000100000000)
  region size 1024K, 4 young (4096K), 4 survivors (4096K)
 Metaspace       used 89693K, committed 90368K, reserved 1179648K
  class space    used 12326K, committed 12672K, reserved 1048576K
}
Event: 8.347 GC heap before
{Heap before GC invocations=40 (full 0):
 garbage-first heap   total 164864K, used 136546K [0x0000000080000000, 0x0000000100000000)
  region size 1024K, 48 young (49152K), 4 survivors (4096K)
 Metaspace       used 92783K, committed 93504K, reserved 1179648K
  class space    used 12775K, committed 13120K, reserved 1048576K
}
Event: 8.349 GC heap after
{Heap after GC invocations=41 (full 0):
 garbage-first heap   total 164864K, used 93646K [0x0000000080000000, 0x0000000100000000)
  region size 1024K, 4 young (4096K), 4 survivors (4096K)
 Metaspace       used 92783K, committed 93504K, reserved 1179648K
  class space    used 12775K, committed 13120K, reserved 1048576K
}
Event: 9.470 GC heap before
{Heap before GC invocations=41 (full 0):
 garbage-first heap   total 164864K, used 141774K [0x0000000080000000, 0x0000000100000000)
  region size 1024K, 47 young (48128K), 4 survivors (4096K)
 Metaspace       used 96838K, committed 97536K, reserved 1179648K
  class space    used 13275K, committed 13632K, reserved 1048576K
}
Event: 9.474 GC heap after
{Heap after GC invocations=42 (full 0):
 garbage-first heap   total 164864K, used 97733K [0x0000000080000000, 0x0000000100000000)
  region size 1024K, 6 young (6144K), 6 survivors (6144K)
 Metaspace       used 96838K, committed 97536K, reserved 1179648K
  class space    used 13275K, committed 13632K, reserved 1048576K
}
Event: 9.740 GC heap before
{Heap before GC invocations=42 (full 0):
 garbage-first heap   total 164864K, used 135621K [0x0000000080000000, 0x0000000100000000)
  region size 1024K, 44 young (45056K), 6 survivors (6144K)
 Metaspace       used 99430K, committed 100160K, reserved 1179648K
  class space    used 13550K, committed 13888K, reserved 1048576K
}
Event: 9.744 GC heap after
{Heap after GC invocations=43 (full 0):
 garbage-first heap   total 164864K, used 100461K [0x0000000080000000, 0x0000000100000000)
  region size 1024K, 3 young (3072K), 3 survivors (3072K)
 Metaspace       used 99430K, committed 100160K, reserved 1179648K
  class space    used 13550K, committed 13888K, reserved 1048576K
}
Event: 9.998 GC heap before
{Heap before GC invocations=43 (full 0):
 garbage-first heap   total 164864K, used 136301K [0x0000000080000000, 0x0000000100000000)
  region size 1024K, 39 young (39936K), 3 survivors (3072K)
 Metaspace       used 101800K, committed 102528K, reserved 1179648K
  class space    used 13746K, committed 14080K, reserved 1048576K
}
Event: 10.000 GC heap after
{Heap after GC invocations=44 (full 0):
 garbage-first heap   total 164864K, used 102814K [0x0000000080000000, 0x0000000100000000)
  region size 1024K, 5 young (5120K), 5 survivors (5120K)
 Metaspace       used 101800K, committed 102528K, reserved 1179648K
  class space    used 13746K, committed 14080K, reserved 1048576K
}
Event: 10.238 GC heap before
{Heap before GC invocations=44 (full 0):
 garbage-first heap   total 164864K, used 126366K [0x0000000080000000, 0x0000000100000000)
  region size 1024K, 30 young (30720K), 5 survivors (5120K)
 Metaspace       used 103238K, committed 104000K, reserved 1179648K
  class space    used 13885K, committed 14272K, reserved 1048576K
}
Event: 10.242 GC heap after
{Heap after GC invocations=45 (full 0):
 garbage-first heap   total 164864K, used 105589K [0x0000000080000000, 0x0000000100000000)
  region size 1024K, 3 young (3072K), 3 survivors (3072K)
 Metaspace       used 103238K, committed 104000K, reserved 1179648K
  class space    used 13885K, committed 14272K, reserved 1048576K
}

