# JRE version: OpenJDK Runtime Environment (17.0.11) (build 17.0.11+0--11852314)
# Java VM: OpenJDK 64-Bit Server VM (17.0.11+0--11852314, mixed mode, tiered, compressed oops, compressed class ptrs, g1 gc, windows-amd64)
GC Precious Log:
 CPUs: 12 total, 12 available
 Memory: 14205M
 Large Page Support: Disabled
 NUMA Support: Disabled
 Compressed Oops: Enabled (32-bit)
 Heap Region Size: 1M
 Heap Min Capacity: 8M
 Heap Initial Capacity: 222M
 Heap Max Capacity: 2G
 Pre-touch: Disabled
 Parallel Workers: 10
 Concurrent Workers: 3
 Concurrent Refinement Workers: 10
 Periodic GC: Disabled
Heap:
 garbage-first heap   total 451584K, used 163403K [0x0000000080000000, 0x0000000100000000)
  region size 1024K, 2 young (2048K), 2 survivors (2048K)
 Metaspace       used 167991K, committed 169600K, reserved 1245184K
  class space    used 22804K, committed 23552K, reserved 1048576K
GC Heap History (20 events):
Event: 5335.440 GC heap after
{Heap after GC invocations=100 (full 0):
 garbage-first heap   total 451584K, used 163512K [0x0000000080000000, 0x0000000100000000)
  region size 1024K, 2 young (2048K), 2 survivors (2048K)
 Metaspace       used 165619K, committed 166848K, reserved 1245184K
  class space    used 22527K, committed 23104K, reserved 1048576K
}
Event: 5337.338 GC heap before
{Heap before GC invocations=100 (full 0):
 garbage-first heap   total 451584K, used 254648K [0x0000000080000000, 0x0000000100000000)
  region size 1024K, 92 young (94208K), 2 survivors (2048K)
 Metaspace       used 165773K, committed 166976K, reserved 1245184K
  class space    used 22527K, committed 23104K, reserved 1048576K
}
Event: 5337.342 GC heap after
{Heap after GC invocations=101 (full 0):
 garbage-first heap   total 451584K, used 167934K [0x0000000080000000, 0x0000000100000000)
  region size 1024K, 7 young (7168K), 7 survivors (7168K)
 Metaspace       used 165773K, committed 166976K, reserved 1245184K
  class space    used 22527K, committed 23104K, reserved 1048576K
}
Event: 6098.519 GC heap before
{Heap before GC invocations=102 (full 0):
 garbage-first heap   total 451584K, used 409598K [0x0000000080000000, 0x0000000100000000)
  region size 1024K, 186 young (190464K), 7 survivors (7168K)
 Metaspace       used 166385K, committed 167680K, reserved 1245184K
  class space    used 22603K, committed 23232K, reserved 1048576K
}
Event: 6098.556 GC heap after
{Heap after GC invocations=103 (full 0):
 garbage-first heap   total 451584K, used 176003K [0x0000000080000000, 0x0000000100000000)
  region size 1024K, 15 young (15360K), 15 survivors (15360K)
 Metaspace       used 166385K, committed 167680K, reserved 1245184K
  class space    used 22603K, committed 23232K, reserved 1048576K
}
Event: 6098.598 GC heap before
{Heap before GC invocations=103 (full 0):
 garbage-first heap   total 451584K, used 182147K [0x0000000080000000, 0x0000000100000000)
  region size 1024K, 22 young (22528K), 15 survivors (15360K)
 Metaspace       used 166475K, committed 167808K, reserved 1245184K
  class space    used 22628K, committed 23232K, reserved 1048576K
}
Event: 6098.668 GC heap after
{Heap after GC invocations=104 (full 0):
 garbage-first heap   total 451584K, used 161971K [0x0000000080000000, 0x0000000100000000)
  region size 1024K, 3 young (3072K), 3 survivors (3072K)
 Metaspace       used 166475K, committed 167808K, reserved 1245184K
  class space    used 22628K, committed 23232K, reserved 1048576K
}
Event: 6115.764 GC heap before
{Heap before GC invocations=104 (full 0):
 garbage-first heap   total 451584K, used 334003K [0x0000000080000000, 0x0000000100000000)
  region size 1024K, 173 young (177152K), 3 survivors (3072K)
 Metaspace       used 166879K, committed 168320K, reserved 1245184K
  class space    used 22696K, committed 23360K, reserved 1048576K
}
Event: 6115.770 GC heap after
{Heap after GC invocations=105 (full 0):
 garbage-first heap   total 451584K, used 171083K [0x0000000080000000, 0x0000000100000000)
  region size 1024K, 12 young (12288K), 12 survivors (12288K)
 Metaspace       used 166879K, committed 168320K, reserved 1245184K
  class space    used 22696K, committed 23360K, reserved 1048576K
}
Event: 8860.465 GC heap before
{Heap before GC invocations=106 (full 0):
 garbage-first heap   total 451584K, used 383051K [0x0000000080000000, 0x0000000100000000)
  region size 1024K, 194 young (198656K), 12 survivors (12288K)
 Metaspace       used 167251K, committed 168832K, reserved 1245184K
  class space    used 22749K, committed 23488K, reserved 1048576K
}
Event: 8860.502 GC heap after
{Heap after GC invocations=107 (full 0):
 garbage-first heap   total 451584K, used 175210K [0x0000000080000000, 0x0000000100000000)
  region size 1024K, 16 young (16384K), 16 survivors (16384K)
 Metaspace       used 167251K, committed 168832K, reserved 1245184K
  class space    used 22749K, committed 23488K, reserved 1048576K
}
Event: 8860.656 GC heap before
{Heap before GC invocations=107 (full 0):
 garbage-first heap   total 451584K, used 180330K [0x0000000080000000, 0x0000000100000000)
  region size 1024K, 22 young (22528K), 16 survivors (16384K)
 Metaspace       used 167251K, committed 168832K, reserved 1245184K
  class space    used 22749K, committed 23488K, reserved 1048576K
}
Event: 8860.710 GC heap after
{Heap after GC invocations=108 (full 0):
 garbage-first heap   total 451584K, used 162844K [0x0000000080000000, 0x0000000100000000)
  region size 1024K, 3 young (3072K), 3 survivors (3072K)
 Metaspace       used 167251K, committed 168832K, reserved 1245184K
  class space    used 22749K, committed 23488K, reserved 1048576K
}
Event: 8863.347 GC heap before
{Heap before GC invocations=108 (full 0):
 garbage-first heap   total 451584K, used 250908K [0x0000000080000000, 0x0000000100000000)
  region size 1024K, 91 young (93184K), 3 survivors (3072K)
 Metaspace       used 167408K, committed 169024K, reserved 1245184K
  class space    used 22751K, committed 23488K, reserved 1048576K
}
Event: 8863.354 GC heap after
{Heap after GC invocations=109 (full 0):
 garbage-first heap   total 451584K, used 167020K [0x0000000080000000, 0x0000000100000000)
  region size 1024K, 7 young (7168K), 7 survivors (7168K)
 Metaspace       used 167408K, committed 169024K, reserved 1245184K
  class space    used 22751K, committed 23488K, reserved 1048576K
}
Event: 8991.215 GC heap before
{Heap before GC invocations=110 (full 0):
 garbage-first heap   total 451584K, used 388204K [0x0000000080000000, 0x0000000100000000)
  region size 1024K, 198 young (202752K), 7 survivors (7168K)
 Metaspace       used 167844K, committed 169472K, reserved 1245184K
  class space    used 22801K, committed 23552K, reserved 1048576K
}
Event: 8991.236 GC heap after
{Heap after GC invocations=111 (full 0):
 garbage-first heap   total 451584K, used 177892K [0x0000000080000000, 0x0000000100000000)
  region size 1024K, 18 young (18432K), 18 survivors (18432K)
 Metaspace       used 167844K, committed 169472K, reserved 1245184K
  class space    used 22801K, committed 23552K, reserved 1048576K
}
Event: 8991.245 GC heap before
{Heap before GC invocations=111 (full 0):
 garbage-first heap   total 451584K, used 180964K [0x0000000080000000, 0x0000000100000000)
  region size 1024K, 22 young (22528K), 18 survivors (18432K)
 Metaspace       used 167873K, committed 169472K, reserved 1245184K
  class space    used 22802K, committed 23552K, reserved 1048576K
}
Event: 8991.284 GC heap after
{Heap after GC invocations=112 (full 0):
 garbage-first heap   total 451584K, used 163592K [0x0000000080000000, 0x0000000100000000)
  region size 1024K, 2 young (2048K), 2 survivors (2048K)
 Metaspace       used 167873K, committed 169472K, reserved 1245184K
  class space    used 22802K, committed 23552K, reserved 1048576K
}
Event: 8991.404 GC heap before
{Heap before GC invocations=112 (full 0):
 garbage-first heap   total 451584K, used 184072K [0x0000000080000000, 0x0000000100000000)
  region size 1024K, 23 young (23552K), 2 survivors (2048K)
 Metaspace       used 167991K, committed 169600K, reserved 1245184K
  class space    used 22804K, committed 23552K, reserved 1048576K
}

