# JRE version: OpenJDK Runtime Environment (17.0.11) (build 17.0.11+0--11852314)
# Java VM: OpenJDK 64-Bit Server VM (17.0.11+0--11852314, mixed mode, tiered, compressed oops, compressed class ptrs, g1 gc, windows-amd64)
GC Precious Log:
 CPUs: 12 total, 12 available
 Memory: 14205M
 Large Page Support: Disabled
 NUMA Support: Disabled
 Compressed Oops: Enabled (32-bit)
 Heap Region Size: 1M
 Heap Min Capacity: 8M
 Heap Initial Capacity: 222M
 Heap Max Capacity: 2G
 Pre-touch: Disabled
 Parallel Workers: 10
 Concurrent Workers: 3
 Concurrent Refinement Workers: 10
 Periodic GC: Disabled
Heap:
 garbage-first heap   total 164864K, used 94314K [0x0000000080000000, 0x0000000100000000)
  region size 1024K, 8 young (8192K), 3 survivors (3072K)
 Metaspace       used 87221K, committed 87872K, reserved 1179648K
  class space    used 11850K, committed 12160K, reserved 1048576K
GC Heap History (20 events):
Event: 4.058 GC heap before
{Heap before GC invocations=25 (full 0):
 garbage-first heap   total 88064K, used 68618K [0x0000000080000000, 0x0000000100000000)
  region size 1024K, 8 young (8192K), 1 survivors (1024K)
 Metaspace       used 58784K, committed 59328K, reserved 1114112K
  class space    used 8040K, committed 8256K, reserved 1048576K
}
Event: 4.059 GC heap after
{Heap after GC invocations=26 (full 0):
 garbage-first heap   total 88064K, used 63855K [0x0000000080000000, 0x0000000100000000)
  region size 1024K, 1 young (1024K), 1 survivors (1024K)
 Metaspace       used 58784K, committed 59328K, reserved 1114112K
  class space    used 8040K, committed 8256K, reserved 1048576K
}
Event: 4.124 GC heap before
{Heap before GC invocations=27 (full 0):
 garbage-first heap   total 112640K, used 73071K [0x0000000080000000, 0x0000000100000000)
  region size 1024K, 10 young (10240K), 1 survivors (1024K)
 Metaspace       used 59473K, committed 60032K, reserved 1114112K
  class space    used 8132K, committed 8384K, reserved 1048576K
}
Event: 4.125 GC heap after
{Heap after GC invocations=28 (full 0):
 garbage-first heap   total 112640K, used 65155K [0x0000000080000000, 0x0000000100000000)
  region size 1024K, 1 young (1024K), 1 survivors (1024K)
 Metaspace       used 59473K, committed 60032K, reserved 1114112K
  class space    used 8132K, committed 8384K, reserved 1048576K
}
Event: 4.155 GC heap before
{Heap before GC invocations=28 (full 0):
 garbage-first heap   total 112640K, used 69251K [0x0000000080000000, 0x0000000100000000)
  region size 1024K, 5 young (5120K), 1 survivors (1024K)
 Metaspace       used 59801K, committed 60352K, reserved 1114112K
  class space    used 8181K, committed 8448K, reserved 1048576K
}
Event: 4.156 GC heap after
{Heap after GC invocations=29 (full 0):
 garbage-first heap   total 164864K, used 64779K [0x0000000080000000, 0x0000000100000000)
  region size 1024K, 1 young (1024K), 1 survivors (1024K)
 Metaspace       used 59801K, committed 60352K, reserved 1114112K
  class space    used 8181K, committed 8448K, reserved 1048576K
}
Event: 4.485 GC heap before
{Heap before GC invocations=29 (full 0):
 garbage-first heap   total 164864K, used 114955K [0x0000000080000000, 0x0000000100000000)
  region size 1024K, 51 young (52224K), 1 survivors (1024K)
 Metaspace       used 65036K, committed 65664K, reserved 1114112K
  class space    used 8730K, committed 9024K, reserved 1048576K
}
Event: 4.486 GC heap after
{Heap after GC invocations=30 (full 0):
 garbage-first heap   total 164864K, used 66126K [0x0000000080000000, 0x0000000100000000)
  region size 1024K, 2 young (2048K), 2 survivors (2048K)
 Metaspace       used 65036K, committed 65664K, reserved 1114112K
  class space    used 8730K, committed 9024K, reserved 1048576K
}
Event: 4.893 GC heap before
{Heap before GC invocations=30 (full 0):
 garbage-first heap   total 164864K, used 125518K [0x0000000080000000, 0x0000000100000000)
  region size 1024K, 55 young (56320K), 2 survivors (2048K)
 Metaspace       used 69876K, committed 70464K, reserved 1114112K
  class space    used 9409K, committed 9664K, reserved 1048576K
}
Event: 4.896 GC heap after
{Heap after GC invocations=31 (full 0):
 garbage-first heap   total 164864K, used 71891K [0x0000000080000000, 0x0000000100000000)
  region size 1024K, 7 young (7168K), 7 survivors (7168K)
 Metaspace       used 69876K, committed 70464K, reserved 1114112K
  class space    used 9409K, committed 9664K, reserved 1048576K
}
Event: 5.260 GC heap before
{Heap before GC invocations=31 (full 0):
 garbage-first heap   total 164864K, used 124115K [0x0000000080000000, 0x0000000100000000)
  region size 1024K, 58 young (59392K), 7 survivors (7168K)
 Metaspace       used 74211K, committed 74816K, reserved 1114112K
  class space    used 9967K, committed 10240K, reserved 1048576K
}
Event: 5.263 GC heap after
{Heap after GC invocations=32 (full 0):
 garbage-first heap   total 164864K, used 75553K [0x0000000080000000, 0x0000000100000000)
  region size 1024K, 4 young (4096K), 4 survivors (4096K)
 Metaspace       used 74211K, committed 74816K, reserved 1114112K
  class space    used 9967K, committed 10240K, reserved 1048576K
}
Event: 5.623 GC heap before
{Heap before GC invocations=32 (full 0):
 garbage-first heap   total 164864K, used 130849K [0x0000000080000000, 0x0000000100000000)
  region size 1024K, 54 young (55296K), 4 survivors (4096K)
 Metaspace       used 79507K, committed 80128K, reserved 1179648K
  class space    used 10713K, committed 11008K, reserved 1048576K
}
Event: 5.625 GC heap after
{Heap after GC invocations=33 (full 0):
 garbage-first heap   total 164864K, used 82143K [0x0000000080000000, 0x0000000100000000)
  region size 1024K, 7 young (7168K), 7 survivors (7168K)
 Metaspace       used 79507K, committed 80128K, reserved 1179648K
  class space    used 10713K, committed 11008K, reserved 1048576K
}
Event: 5.972 GC heap before
{Heap before GC invocations=33 (full 0):
 garbage-first heap   total 164864K, used 129247K [0x0000000080000000, 0x0000000100000000)
  region size 1024K, 53 young (54272K), 7 survivors (7168K)
 Metaspace       used 82162K, committed 82752K, reserved 1179648K
  class space    used 11080K, committed 11328K, reserved 1048576K
}
Event: 5.976 GC heap after
{Heap after GC invocations=34 (full 0):
 garbage-first heap   total 164864K, used 86559K [0x0000000080000000, 0x0000000100000000)
  region size 1024K, 7 young (7168K), 7 survivors (7168K)
 Metaspace       used 82162K, committed 82752K, reserved 1179648K
  class space    used 11080K, committed 11328K, reserved 1048576K
}
Event: 6.250 GC heap before
{Heap before GC invocations=34 (full 0):
 garbage-first heap   total 164864K, used 131615K [0x0000000080000000, 0x0000000100000000)
  region size 1024K, 51 young (52224K), 7 survivors (7168K)
 Metaspace       used 83842K, committed 84480K, reserved 1179648K
  class space    used 11301K, committed 11584K, reserved 1048576K
}
Event: 6.254 GC heap after
{Heap after GC invocations=35 (full 0):
 garbage-first heap   total 164864K, used 88539K [0x0000000080000000, 0x0000000100000000)
  region size 1024K, 4 young (4096K), 4 survivors (4096K)
 Metaspace       used 83842K, committed 84480K, reserved 1179648K
  class space    used 11301K, committed 11584K, reserved 1048576K
}
Event: 6.583 GC heap before
{Heap before GC invocations=35 (full 0):
 garbage-first heap   total 164864K, used 133595K [0x0000000080000000, 0x0000000100000000)
  region size 1024K, 47 young (48128K), 4 survivors (4096K)
 Metaspace       used 86851K, committed 87488K, reserved 1179648K
  class space    used 11770K, committed 12096K, reserved 1048576K
}
Event: 6.585 GC heap after
{Heap after GC invocations=36 (full 0):
 garbage-first heap   total 164864K, used 90218K [0x0000000080000000, 0x0000000100000000)
  region size 1024K, 3 young (3072K), 3 survivors (3072K)
 Metaspace       used 86851K, committed 87488K, reserved 1179648K
  class space    used 11770K, committed 12096K, reserved 1048576K
}

